<?xml version="1.0" encoding="UTF-8"?>
<!-- Generated by org.testng.reporters.JUnitReportReporter -->
<testsuite hostname="SandeepDell" name="main.DeltaDriver" tests="2" failures="0" timestamp="2 Nov 2016 06:33:35 GMT" time="64.046" errors="0">
  <testcase name="testScenarios" time="37.507" classname="main.DeltaDriver"/>
  <testcase name="testScenarios" time="26.539" classname="main.DeltaDriver"/>
</testsuite> <!-- main.DeltaDriver -->
