<?xml version="1.0" encoding="UTF-8"?>
<!-- Generated by org.testng.reporters.JUnitReportReporter -->
<testsuite hostname="SandeepDell" name="main.DeltaDriver" tests="2" failures="0" timestamp="2 Nov 2016 10:59:46 GMT" time="38.243" errors="0">
  <testcase name="testScenarios" time="38.184" classname="main.DeltaDriver"/>
  <testcase name="testScenarios" time="0.059" classname="main.DeltaDriver"/>
</testsuite> <!-- main.DeltaDriver -->
